# JRE version: OpenJDK Runtime Environment Temurin-21.0.12.1+1 (21.0.12.1+1) (build 21.0.12.1+1-LTS)
# Java VM: OpenJDK 64-Bit Server VM Temurin-21.0.12.1+1 (21.0.12.1+1-LTS, mixed mode, sharing, tiered, compressed oops, compressed class ptrs, parallel gc, windows-amd64)
GC Precious Log:
 CardTable entry size: 512
 CPUs: 12 total, 12 available
 Memory: 7501M
 Large Page Support: Disabled
 NUMA Support: Disabled
 Compressed Oops: Enabled (32-bit)
 Alignments: Space 512K, Generation 512K, Heap 2M
 Heap Min Capacity: 100M
 Heap Initial Capacity: 100M
 Heap Max Capacity: 2G
 Pre-touch: Disabled
 Parallel Workers: 10
Heap:
 PSYoungGen      total 2560K, used 1882K [0x00000000d5580000, 0x00000000d5980000, 0x0000000100000000)
  eden space 2048K, 79% used [0x00000000d5580000,0x00000000d5716ba0,0x00000000d5780000)
  from space 512K, 50% used [0x00000000d5900000,0x00000000d5940000,0x00000000d5980000)
  to   space 512K, 0% used [0x00000000d5880000,0x00000000d5880000,0x00000000d5900000)
 ParOldGen       total 1331200K, used 1331170K [0x0000000080000000, 0x00000000d1400000, 0x00000000d5580000)
  object space 1331200K, 99% used [0x0000000080000000,0x00000000d13f8998,0x00000000d1400000)
 Metaspace       used 64759K, committed 66624K, reserved 1114112K
  class space    used 6550K, committed 7424K, reserved 1048576K
GC Heap History (20 events):
Event: 33608.179 GC heap before
{Heap before GC invocations=271427 (full 74):
 PSYoungGen      total 3072K, used 2531K [0x00000000d5580000, 0x00000000d5a00000, 0x0000000100000000)
  eden space 2048K, 90% used [0x00000000d5580000,0x00000000d5750448,0x00000000d5780000)
  from space 1024K, 65% used [0x00000000d5880000,0x00000000d5928890,0x00000000d5980000)
  to   space 1024K, 0% used [0x00000000d5780000,0x00000000d5780000,0x00000000d5880000)
 ParOldGen       total 1327616K, used 1327350K [0x0000000080000000, 0x00000000d1080000, 0x00000000d5580000)
  object space 1327616K, 99% used [0x0000000080000000,0x00000000d103dbf8,0x00000000d1080000)
 Metaspace       used 64759K, committed 66624K, reserved 1114112K
  class space    used 6550K, committed 7424K, reserved 1048576K
}
Event: 33608.189 GC heap after
{Heap after GC invocations=271427 (full 74):
 PSYoungGen      total 3072K, used 704K [0x00000000d5580000, 0x00000000d5980000, 0x0000000100000000)
  eden space 2048K, 0% used [0x00000000d5580000,0x00000000d5580000,0x00000000d5780000)
  from space 1024K, 68% used [0x00000000d5780000,0x00000000d5830000,0x00000000d5880000)
  to   space 1024K, 0% used [0x00000000d5880000,0x00000000d5880000,0x00000000d5980000)
 ParOldGen       total 1328128K, used 1327710K [0x0000000080000000, 0x00000000d1100000, 0x00000000d5580000)
  object space 1328128K, 99% used [0x0000000080000000,0x00000000d1097bf8,0x00000000d1100000)
 Metaspace       used 64759K, committed 66624K, reserved 1114112K
  class space    used 6550K, committed 7424K, reserved 1048576K
}
Event: 33608.229 GC heap before
{Heap before GC invocations=271428 (full 74):
 PSYoungGen      total 3072K, used 2752K [0x00000000d5580000, 0x00000000d5980000, 0x0000000100000000)
  eden space 2048K, 100% used [0x00000000d5580000,0x00000000d5780000,0x00000000d5780000)
  from space 1024K, 68% used [0x00000000d5780000,0x00000000d5830000,0x00000000d5880000)
  to   space 1024K, 0% used [0x00000000d5880000,0x00000000d5880000,0x00000000d5980000)
 ParOldGen       total 1328128K, used 1327710K [0x0000000080000000, 0x00000000d1100000, 0x00000000d5580000)
  object space 1328128K, 99% used [0x0000000080000000,0x00000000d1097bf8,0x00000000d1100000)
 Metaspace       used 64759K, committed 66624K, reserved 1114112K
  class space    used 6550K, committed 7424K, reserved 1048576K
}
Event: 33608.236 GC heap after
{Heap after GC invocations=271428 (full 74):
 PSYoungGen      total 3072K, used 412K [0x00000000d5580000, 0x00000000d5980000, 0x0000000100000000)
  eden space 2048K, 0% used [0x00000000d5580000,0x00000000d5580000,0x00000000d5780000)
  from space 1024K, 40% used [0x00000000d5880000,0x00000000d58e7298,0x00000000d5980000)
  to   space 1024K, 0% used [0x00000000d5780000,0x00000000d5780000,0x00000000d5880000)
 ParOldGen       total 1328640K, used 1328278K [0x0000000080000000, 0x00000000d1180000, 0x00000000d5580000)
  object space 1328640K, 99% used [0x0000000080000000,0x00000000d1125bf8,0x00000000d1180000)
 Metaspace       used 64759K, committed 66624K, reserved 1114112K
  class space    used 6550K, committed 7424K, reserved 1048576K
}
Event: 33608.644 GC heap before
{Heap before GC invocations=271429 (full 74):
 PSYoungGen      total 3072K, used 2460K [0x00000000d5580000, 0x00000000d5980000, 0x0000000100000000)
  eden space 2048K, 100% used [0x00000000d5580000,0x00000000d5780000,0x00000000d5780000)
  from space 1024K, 40% used [0x00000000d5880000,0x00000000d58e7298,0x00000000d5980000)
  to   space 1024K, 0% used [0x00000000d5780000,0x00000000d5780000,0x00000000d5880000)
 ParOldGen       total 1328640K, used 1328278K [0x0000000080000000, 0x00000000d1180000, 0x00000000d5580000)
  object space 1328640K, 99% used [0x0000000080000000,0x00000000d1125bf8,0x00000000d1180000)
 Metaspace       used 64759K, committed 66624K, reserved 1114112K
  class space    used 6550K, committed 7424K, reserved 1048576K
}
Event: 33608.651 GC heap after
{Heap after GC invocations=271429 (full 74):
 PSYoungGen      total 3072K, used 1024K [0x00000000d5580000, 0x00000000d5a80000, 0x0000000100000000)
  eden space 2048K, 0% used [0x00000000d5580000,0x00000000d5580000,0x00000000d5780000)
  from space 1024K, 100% used [0x00000000d5780000,0x00000000d5880000,0x00000000d5880000)
  to   space 1536K, 0% used [0x00000000d5900000,0x00000000d5900000,0x00000000d5a80000)
 ParOldGen       total 1328640K, used 1328558K [0x0000000080000000, 0x00000000d1180000, 0x00000000d5580000)
  object space 1328640K, 99% used [0x0000000080000000,0x00000000d116bbf8,0x00000000d1180000)
 Metaspace       used 64759K, committed 66624K, reserved 1114112K
  class space    used 6550K, committed 7424K, reserved 1048576K
}
Event: 33608.886 GC heap before
{Heap before GC invocations=271430 (full 74):
 PSYoungGen      total 3072K, used 3072K [0x00000000d5580000, 0x00000000d5a80000, 0x0000000100000000)
  eden space 2048K, 100% used [0x00000000d5580000,0x00000000d5780000,0x00000000d5780000)
  from space 1024K, 100% used [0x00000000d5780000,0x00000000d5880000,0x00000000d5880000)
  to   space 1536K, 0% used [0x00000000d5900000,0x00000000d5900000,0x00000000d5a80000)
 ParOldGen       total 1328640K, used 1328558K [0x0000000080000000, 0x00000000d1180000, 0x00000000d5580000)
  object space 1328640K, 99% used [0x0000000080000000,0x00000000d116bbf8,0x00000000d1180000)
 Metaspace       used 64759K, committed 66624K, reserved 1114112K
  class space    used 6550K, committed 7424K, reserved 1048576K
}
Event: 33608.890 GC heap after
{Heap after GC invocations=271430 (full 74):
 PSYoungGen      total 2560K, used 256K [0x00000000d5580000, 0x00000000d5980000, 0x0000000100000000)
  eden space 2048K, 0% used [0x00000000d5580000,0x00000000d5580000,0x00000000d5780000)
  from space 512K, 50% used [0x00000000d5900000,0x00000000d5940000,0x00000000d5980000)
  to   space 1024K, 0% used [0x00000000d5780000,0x00000000d5780000,0x00000000d5880000)
 ParOldGen       total 1329664K, used 1329550K [0x0000000080000000, 0x00000000d1280000, 0x00000000d5580000)
  object space 1329664K, 99% used [0x0000000080000000,0x00000000d1263bf8,0x00000000d1280000)
 Metaspace       used 64759K, committed 66624K, reserved 1114112K
  class space    used 6550K, committed 7424K, reserved 1048576K
}
Event: 33608.929 GC heap before
{Heap before GC invocations=271431 (full 74):
 PSYoungGen      total 2560K, used 2017K [0x00000000d5580000, 0x00000000d5980000, 0x0000000100000000)
  eden space 2048K, 85% used [0x00000000d5580000,0x00000000d5738410,0x00000000d5780000)
  from space 512K, 50% used [0x00000000d5900000,0x00000000d5940000,0x00000000d5980000)
  to   space 1024K, 0% used [0x00000000d5780000,0x00000000d5780000,0x00000000d5880000)
 ParOldGen       total 1329664K, used 1329550K [0x0000000080000000, 0x00000000d1280000, 0x00000000d5580000)
  object space 1329664K, 99% used [0x0000000080000000,0x00000000d1263bf8,0x00000000d1280000)
 Metaspace       used 64759K, committed 66624K, reserved 1114112K
  class space    used 6550K, committed 7424K, reserved 1048576K
}
Event: 33608.932 GC heap after
{Heap after GC invocations=271431 (full 74):
 PSYoungGen      total 3072K, used 288K [0x00000000d5580000, 0x00000000d5980000, 0x0000000100000000)
  eden space 2048K, 0% used [0x00000000d5580000,0x00000000d5580000,0x00000000d5780000)
  from space 1024K, 28% used [0x00000000d5780000,0x00000000d57c8000,0x00000000d5880000)
  to   space 512K, 0% used [0x00000000d5900000,0x00000000d5900000,0x00000000d5980000)
 ParOldGen       total 1329664K, used 1329630K [0x0000000080000000, 0x00000000d1280000, 0x00000000d5580000)
  object space 1329664K, 99% used [0x0000000080000000,0x00000000d1277bf8,0x00000000d1280000)
 Metaspace       used 64759K, committed 66624K, reserved 1114112K
  class space    used 6550K, committed 7424K, reserved 1048576K
}
Event: 33608.946 GC heap before
{Heap before GC invocations=271432 (full 74):
 PSYoungGen      total 3072K, used 2249K [0x00000000d5580000, 0x00000000d5980000, 0x0000000100000000)
  eden space 2048K, 95% used [0x00000000d5580000,0x00000000d576a690,0x00000000d5780000)
  from space 1024K, 28% used [0x00000000d5780000,0x00000000d57c8000,0x00000000d5880000)
  to   space 512K, 0% used [0x00000000d5900000,0x00000000d5900000,0x00000000d5980000)
 ParOldGen       total 1329664K, used 1329630K [0x0000000080000000, 0x00000000d1280000, 0x00000000d5580000)
  object space 1329664K, 99% used [0x0000000080000000,0x00000000d1277bf8,0x00000000d1280000)
 Metaspace       used 64759K, committed 66624K, reserved 1114112K
  class space    used 6550K, committed 7424K, reserved 1048576K
}
Event: 33608.951 GC heap after
{Heap after GC invocations=271432 (full 74):
 PSYoungGen      total 2560K, used 496K [0x00000000d5580000, 0x00000000d5980000, 0x0000000100000000)
  eden space 2048K, 0% used [0x00000000d5580000,0x00000000d5580000,0x00000000d5780000)
  from space 512K, 97% used [0x00000000d5900000,0x00000000d597c298,0x00000000d5980000)
  to   space 1024K, 0% used [0x00000000d5780000,0x00000000d5780000,0x00000000d5880000)
 ParOldGen       total 1331200K, used 1330859K [0x0000000080000000, 0x00000000d1400000, 0x00000000d5580000)
  object space 1331200K, 99% used [0x0000000080000000,0x00000000d13aac98,0x00000000d1400000)
 Metaspace       used 64759K, committed 66624K, reserved 1114112K
  class space    used 6550K, committed 7424K, reserved 1048576K
}
Event: 33609.023 GC heap before
{Heap before GC invocations=271433 (full 74):
 PSYoungGen      total 2560K, used 2529K [0x00000000d5580000, 0x00000000d5980000, 0x0000000100000000)
  eden space 2048K, 99% used [0x00000000d5580000,0x00000000d577c550,0x00000000d5780000)
  from space 512K, 97% used [0x00000000d5900000,0x00000000d597c298,0x00000000d5980000)
  to   space 1024K, 0% used [0x00000000d5780000,0x00000000d5780000,0x00000000d5880000)
 ParOldGen       total 1331200K, used 1330859K [0x0000000080000000, 0x00000000d1400000, 0x00000000d5580000)
  object space 1331200K, 99% used [0x0000000080000000,0x00000000d13aac98,0x00000000d1400000)
 Metaspace       used 64759K, committed 66624K, reserved 1114112K
  class space    used 6550K, committed 7424K, reserved 1048576K
}
Event: 33609.028 GC heap after
{Heap after GC invocations=271433 (full 74):
 PSYoungGen      total 3072K, used 224K [0x00000000d5580000, 0x00000000d5980000, 0x0000000100000000)
  eden space 2048K, 0% used [0x00000000d5580000,0x00000000d5580000,0x00000000d5780000)
  from space 1024K, 21% used [0x00000000d5780000,0x00000000d57b8000,0x00000000d5880000)
  to   space 512K, 0% used [0x00000000d5900000,0x00000000d5900000,0x00000000d5980000)
 ParOldGen       total 1331200K, used 1331066K [0x0000000080000000, 0x00000000d1400000, 0x00000000d5580000)
  object space 1331200K, 99% used [0x0000000080000000,0x00000000d13de998,0x00000000d1400000)
 Metaspace       used 64759K, committed 66624K, reserved 1114112K
  class space    used 6550K, committed 7424K, reserved 1048576K
}
Event: 33609.101 GC heap before
{Heap before GC invocations=271434 (full 74):
 PSYoungGen      total 3072K, used 2256K [0x00000000d5580000, 0x00000000d5980000, 0x0000000100000000)
  eden space 2048K, 99% used [0x00000000d5580000,0x00000000d577c158,0x00000000d5780000)
  from space 1024K, 21% used [0x00000000d5780000,0x00000000d57b8000,0x00000000d5880000)
  to   space 512K, 0% used [0x00000000d5900000,0x00000000d5900000,0x00000000d5980000)
 ParOldGen       total 1331200K, used 1331066K [0x0000000080000000, 0x00000000d1400000, 0x00000000d5580000)
  object space 1331200K, 99% used [0x0000000080000000,0x00000000d13de998,0x00000000d1400000)
 Metaspace       used 64759K, committed 66624K, reserved 1114112K
  class space    used 6550K, committed 7424K, reserved 1048576K
}
Event: 33609.105 GC heap after
{Heap after GC invocations=271434 (full 74):
 PSYoungGen      total 2560K, used 192K [0x00000000d5580000, 0x00000000d5980000, 0x0000000100000000)
  eden space 2048K, 0% used [0x00000000d5580000,0x00000000d5580000,0x00000000d5780000)
  from space 512K, 37% used [0x00000000d5900000,0x00000000d5930000,0x00000000d5980000)
  to   space 512K, 0% used [0x00000000d5880000,0x00000000d5880000,0x00000000d5900000)
 ParOldGen       total 1331200K, used 1331098K [0x0000000080000000, 0x00000000d1400000, 0x00000000d5580000)
  object space 1331200K, 99% used [0x0000000080000000,0x00000000d13e6998,0x00000000d1400000)
 Metaspace       used 64759K, committed 66624K, reserved 1114112K
  class space    used 6550K, committed 7424K, reserved 1048576K
}
Event: 33609.241 GC heap before
{Heap before GC invocations=271435 (full 74):
 PSYoungGen      total 2560K, used 2240K [0x00000000d5580000, 0x00000000d5980000, 0x0000000100000000)
  eden space 2048K, 100% used [0x00000000d5580000,0x00000000d5780000,0x00000000d5780000)
  from space 512K, 37% used [0x00000000d5900000,0x00000000d5930000,0x00000000d5980000)
  to   space 512K, 0% used [0x00000000d5880000,0x00000000d5880000,0x00000000d5900000)
 ParOldGen       total 1331200K, used 1331098K [0x0000000080000000, 0x00000000d1400000, 0x00000000d5580000)
  object space 1331200K, 99% used [0x0000000080000000,0x00000000d13e6998,0x00000000d1400000)
 Metaspace       used 64759K, committed 66624K, reserved 1114112K
  class space    used 6550K, committed 7424K, reserved 1048576K
}
Event: 33609.247 GC heap after
{Heap after GC invocations=271435 (full 74):
 PSYoungGen      total 2560K, used 128K [0x00000000d5580000, 0x00000000d5980000, 0x0000000100000000)
  eden space 2048K, 0% used [0x00000000d5580000,0x00000000d5580000,0x00000000d5780000)
  from space 512K, 25% used [0x00000000d5880000,0x00000000d58a0000,0x00000000d5900000)
  to   space 512K, 0% used [0x00000000d5900000,0x00000000d5900000,0x00000000d5980000)
 ParOldGen       total 1331200K, used 1331146K [0x0000000080000000, 0x00000000d1400000, 0x00000000d5580000)
  object space 1331200K, 99% used [0x0000000080000000,0x00000000d13f2998,0x00000000d1400000)
 Metaspace       used 64759K, committed 66624K, reserved 1114112K
  class space    used 6550K, committed 7424K, reserved 1048576K
}
Event: 33609.964 GC heap before
{Heap before GC invocations=271436 (full 74):
 PSYoungGen      total 2560K, used 2176K [0x00000000d5580000, 0x00000000d5980000, 0x0000000100000000)
  eden space 2048K, 100% used [0x00000000d5580000,0x00000000d5780000,0x00000000d5780000)
  from space 512K, 25% used [0x00000000d5880000,0x00000000d58a0000,0x00000000d5900000)
  to   space 512K, 0% used [0x00000000d5900000,0x00000000d5900000,0x00000000d5980000)
 ParOldGen       total 1331200K, used 1331146K [0x0000000080000000, 0x00000000d1400000, 0x00000000d5580000)
  object space 1331200K, 99% used [0x0000000080000000,0x00000000d13f2998,0x00000000d1400000)
 Metaspace       used 64759K, committed 66624K, reserved 1114112K
  class space    used 6550K, committed 7424K, reserved 1048576K
}
Event: 33609.969 GC heap after
{Heap after GC invocations=271436 (full 74):
 PSYoungGen      total 2560K, used 256K [0x00000000d5580000, 0x00000000d5980000, 0x0000000100000000)
  eden space 2048K, 0% used [0x00000000d5580000,0x00000000d5580000,0x00000000d5780000)
  from space 512K, 50% used [0x00000000d5900000,0x00000000d5940000,0x00000000d5980000)
  to   space 512K, 0% used [0x00000000d5880000,0x00000000d5880000,0x00000000d5900000)
 ParOldGen       total 1331200K, used 1331170K [0x0000000080000000, 0x00000000d1400000, 0x00000000d5580000)
  object space 1331200K, 99% used [0x0000000080000000,0x00000000d13f8998,0x00000000d1400000)
 Metaspace       used 64759K, committed 66624K, reserved 1114112K
  class space    used 6550K, committed 7424K, reserved 1048576K
}

