# JRE version: OpenJDK Runtime Environment Temurin-21.0.12.1+1 (21.0.12.1+1) (build 21.0.12.1+1-LTS)
# Java VM: OpenJDK 64-Bit Server VM Temurin-21.0.12.1+1 (21.0.12.1+1-LTS, mixed mode, sharing, tiered, compressed oops, compressed class ptrs, parallel gc, windows-amd64)
GC Precious Log:
 CardTable entry size: 512
 CPUs: 12 total, 12 available
 Memory: 7501M
 Large Page Support: Disabled
 NUMA Support: Disabled
 Compressed Oops: Enabled (32-bit)
 Alignments: Space 512K, Generation 512K, Heap 2M
 Heap Min Capacity: 100M
 Heap Initial Capacity: 100M
 Heap Max Capacity: 2G
 Pre-touch: Disabled
 Parallel Workers: 10
Heap:
 PSYoungGen      total 9216K, used 3711K [0x00000000d5580000, 0x00000000d6180000, 0x0000000100000000)
  eden space 7680K, 33% used [0x00000000d5580000,0x00000000d5807f88,0x00000000d5d00000)
  from space 1536K, 72% used [0x00000000d5d80000,0x00000000d5e98000,0x00000000d5f00000)
  to   space 2048K, 0% used [0x00000000d5f80000,0x00000000d5f80000,0x00000000d6180000)
 ParOldGen       total 840192K, used 492908K [0x0000000080000000, 0x00000000b3480000, 0x00000000d5580000)
  object space 840192K, 58% used [0x0000000080000000,0x000000009e15b038,0x00000000b3480000)
 Metaspace       used 85008K, committed 86656K, reserved 1179648K
  class space    used 8738K, committed 9536K, reserved 1048576K
GC Heap History (20 events):
Event: 19038.941 GC heap before
{Heap before GC invocations=914 (full 4):
 PSYoungGen      total 14848K, used 13050K [0x00000000d5580000, 0x00000000d6a00000, 0x0000000100000000)
  eden space 11776K, 100% used [0x00000000d5580000,0x00000000d6100000,0x00000000d6100000)
  from space 3072K, 41% used [0x00000000d6500000,0x00000000d663e940,0x00000000d6800000)
  to   space 1536K, 0% used [0x00000000d6880000,0x00000000d6880000,0x00000000d6a00000)
 ParOldGen       total 840192K, used 454231K [0x0000000080000000, 0x00000000b3480000, 0x00000000d5580000)
  object space 840192K, 54% used [0x0000000080000000,0x000000009bb95f90,0x00000000b3480000)
 Metaspace       used 84954K, committed 86592K, reserved 1179648K
  class space    used 8737K, committed 9536K, reserved 1048576K
}
Event: 19039.193 GC heap after
{Heap after GC invocations=914 (full 4):
 PSYoungGen      total 12800K, used 608K [0x00000000d5580000, 0x00000000d6980000, 0x0000000100000000)
  eden space 11776K, 0% used [0x00000000d5580000,0x00000000d5580000,0x00000000d6100000)
  from space 1024K, 59% used [0x00000000d6880000,0x00000000d6918000,0x00000000d6980000)
  to   space 1024K, 0% used [0x00000000d6780000,0x00000000d6780000,0x00000000d6880000)
 ParOldGen       total 840192K, used 455260K [0x0000000080000000, 0x00000000b3480000, 0x00000000d5580000)
  object space 840192K, 54% used [0x0000000080000000,0x000000009bc973a0,0x00000000b3480000)
 Metaspace       used 84954K, committed 86592K, reserved 1179648K
  class space    used 8737K, committed 9536K, reserved 1048576K
}
Event: 31257.776 GC heap before
{Heap before GC invocations=915 (full 4):
 PSYoungGen      total 12800K, used 12372K [0x00000000d5580000, 0x00000000d6980000, 0x0000000100000000)
  eden space 11776K, 99% used [0x00000000d5580000,0x00000000d60fd1c0,0x00000000d6100000)
  from space 1024K, 59% used [0x00000000d6880000,0x00000000d6918000,0x00000000d6980000)
  to   space 1024K, 0% used [0x00000000d6780000,0x00000000d6780000,0x00000000d6880000)
 ParOldGen       total 840192K, used 455260K [0x0000000080000000, 0x00000000b3480000, 0x00000000d5580000)
  object space 840192K, 54% used [0x0000000080000000,0x000000009bc973a0,0x00000000b3480000)
 Metaspace       used 84973K, committed 86592K, reserved 1179648K
  class space    used 8738K, committed 9536K, reserved 1048576K
}
Event: 31257.934 GC heap after
{Heap after GC invocations=915 (full 4):
 PSYoungGen      total 12800K, used 288K [0x00000000d5580000, 0x00000000d6900000, 0x0000000100000000)
  eden space 11776K, 0% used [0x00000000d5580000,0x00000000d5580000,0x00000000d6100000)
  from space 1024K, 28% used [0x00000000d6780000,0x00000000d67c8000,0x00000000d6880000)
  to   space 512K, 0% used [0x00000000d6880000,0x00000000d6880000,0x00000000d6900000)
 ParOldGen       total 840192K, used 455706K [0x0000000080000000, 0x00000000b3480000, 0x00000000d5580000)
  object space 840192K, 54% used [0x0000000080000000,0x000000009bd06b20,0x00000000b3480000)
 Metaspace       used 84973K, committed 86592K, reserved 1179648K
  class space    used 8738K, committed 9536K, reserved 1048576K
}
Event: 31258.292 GC heap before
{Heap before GC invocations=916 (full 4):
 PSYoungGen      total 12800K, used 12064K [0x00000000d5580000, 0x00000000d6900000, 0x0000000100000000)
  eden space 11776K, 100% used [0x00000000d5580000,0x00000000d6100000,0x00000000d6100000)
  from space 1024K, 28% used [0x00000000d6780000,0x00000000d67c8000,0x00000000d6880000)
  to   space 512K, 0% used [0x00000000d6880000,0x00000000d6880000,0x00000000d6900000)
 ParOldGen       total 840192K, used 455706K [0x0000000080000000, 0x00000000b3480000, 0x00000000d5580000)
  object space 840192K, 54% used [0x0000000080000000,0x000000009bd06b20,0x00000000b3480000)
 Metaspace       used 84974K, committed 86592K, reserved 1179648K
  class space    used 8738K, committed 9536K, reserved 1048576K
}
Event: 31258.364 GC heap after
{Heap after GC invocations=916 (full 4):
 PSYoungGen      total 6656K, used 512K [0x00000000d5580000, 0x00000000d7b00000, 0x0000000100000000)
  eden space 6144K, 0% used [0x00000000d5580000,0x00000000d5580000,0x00000000d5b80000)
  from space 512K, 100% used [0x00000000d6880000,0x00000000d6900000,0x00000000d6900000)
  to   space 13312K, 0% used [0x00000000d5b80000,0x00000000d5b80000,0x00000000d6880000)
 ParOldGen       total 840192K, used 466343K [0x0000000080000000, 0x00000000b3480000, 0x00000000d5580000)
  object space 840192K, 55% used [0x0000000080000000,0x000000009c769dc0,0x00000000b3480000)
 Metaspace       used 84974K, committed 86592K, reserved 1179648K
  class space    used 8738K, committed 9536K, reserved 1048576K
}
Event: 31258.436 GC heap before
{Heap before GC invocations=917 (full 4):
 PSYoungGen      total 6656K, used 6105K [0x00000000d5580000, 0x00000000d7b00000, 0x0000000100000000)
  eden space 6144K, 91% used [0x00000000d5580000,0x00000000d5af6580,0x00000000d5b80000)
  from space 512K, 100% used [0x00000000d6880000,0x00000000d6900000,0x00000000d6900000)
  to   space 13312K, 0% used [0x00000000d5b80000,0x00000000d5b80000,0x00000000d6880000)
 ParOldGen       total 840192K, used 466343K [0x0000000080000000, 0x00000000b3480000, 0x00000000d5580000)
  object space 840192K, 55% used [0x0000000080000000,0x000000009c769dc0,0x00000000b3480000)
 Metaspace       used 84974K, committed 86592K, reserved 1179648K
  class space    used 8738K, committed 9536K, reserved 1048576K
}
Event: 31258.456 GC heap after
{Heap after GC invocations=917 (full 4):
 PSYoungGen      total 11264K, used 5010K [0x00000000d5580000, 0x00000000d6a80000, 0x0000000100000000)
  eden space 6144K, 0% used [0x00000000d5580000,0x00000000d5580000,0x00000000d5b80000)
  from space 5120K, 97% used [0x00000000d5b80000,0x00000000d6064800,0x00000000d6080000)
  to   space 7680K, 0% used [0x00000000d6300000,0x00000000d6300000,0x00000000d6a80000)
 ParOldGen       total 840192K, used 466895K [0x0000000080000000, 0x00000000b3480000, 0x00000000d5580000)
  object space 840192K, 55% used [0x0000000080000000,0x000000009c7f3dd0,0x00000000b3480000)
 Metaspace       used 84974K, committed 86592K, reserved 1179648K
  class space    used 8738K, committed 9536K, reserved 1048576K
}
Event: 31258.604 GC heap before
{Heap before GC invocations=918 (full 4):
 PSYoungGen      total 11264K, used 11154K [0x00000000d5580000, 0x00000000d6a80000, 0x0000000100000000)
  eden space 6144K, 100% used [0x00000000d5580000,0x00000000d5b80000,0x00000000d5b80000)
  from space 5120K, 97% used [0x00000000d5b80000,0x00000000d6064800,0x00000000d6080000)
  to   space 7680K, 0% used [0x00000000d6300000,0x00000000d6300000,0x00000000d6a80000)
 ParOldGen       total 840192K, used 466895K [0x0000000080000000, 0x00000000b3480000, 0x00000000d5580000)
  object space 840192K, 55% used [0x0000000080000000,0x000000009c7f3dd0,0x00000000b3480000)
 Metaspace       used 84974K, committed 86592K, reserved 1179648K
  class space    used 8738K, committed 9536K, reserved 1048576K
}
Event: 31258.646 GC heap after
{Heap after GC invocations=918 (full 4):
 PSYoungGen      total 12288K, used 5667K [0x00000000d5580000, 0x00000000d6900000, 0x0000000100000000)
  eden space 6144K, 0% used [0x00000000d5580000,0x00000000d5580000,0x00000000d5b80000)
  from space 6144K, 92% used [0x00000000d6300000,0x00000000d6888ed0,0x00000000d6900000)
  to   space 6144K, 0% used [0x00000000d5d00000,0x00000000d5d00000,0x00000000d6300000)
 ParOldGen       total 840192K, used 471143K [0x0000000080000000, 0x00000000b3480000, 0x00000000d5580000)
  object space 840192K, 56% used [0x0000000080000000,0x000000009cc19dd0,0x00000000b3480000)
 Metaspace       used 84974K, committed 86592K, reserved 1179648K
  class space    used 8738K, committed 9536K, reserved 1048576K
}
Event: 31258.690 GC heap before
{Heap before GC invocations=919 (full 4):
 PSYoungGen      total 12288K, used 11668K [0x00000000d5580000, 0x00000000d6900000, 0x0000000100000000)
  eden space 6144K, 97% used [0x00000000d5580000,0x00000000d5b5c388,0x00000000d5b80000)
  from space 6144K, 92% used [0x00000000d6300000,0x00000000d6888ed0,0x00000000d6900000)
  to   space 6144K, 0% used [0x00000000d5d00000,0x00000000d5d00000,0x00000000d6300000)
 ParOldGen       total 840192K, used 471143K [0x0000000080000000, 0x00000000b3480000, 0x00000000d5580000)
  object space 840192K, 56% used [0x0000000080000000,0x000000009cc19dd0,0x00000000b3480000)
 Metaspace       used 84974K, committed 86592K, reserved 1179648K
  class space    used 8738K, committed 9536K, reserved 1048576K
}
Event: 31258.727 GC heap after
{Heap after GC invocations=919 (full 4):
 PSYoungGen      total 13824K, used 5952K [0x00000000d5580000, 0x00000000d6900000, 0x0000000100000000)
  eden space 7680K, 0% used [0x00000000d5580000,0x00000000d5580000,0x00000000d5d00000)
  from space 6144K, 96% used [0x00000000d5d00000,0x00000000d62d0000,0x00000000d6300000)
  to   space 6144K, 0% used [0x00000000d6300000,0x00000000d6300000,0x00000000d6900000)
 ParOldGen       total 840192K, used 477067K [0x0000000080000000, 0x00000000b3480000, 0x00000000d5580000)
  object space 840192K, 56% used [0x0000000080000000,0x000000009d1e2c08,0x00000000b3480000)
 Metaspace       used 84974K, committed 86592K, reserved 1179648K
  class space    used 8738K, committed 9536K, reserved 1048576K
}
Event: 31259.140 GC heap before
{Heap before GC invocations=920 (full 4):
 PSYoungGen      total 13824K, used 13632K [0x00000000d5580000, 0x00000000d6900000, 0x0000000100000000)
  eden space 7680K, 100% used [0x00000000d5580000,0x00000000d5d00000,0x00000000d5d00000)
  from space 6144K, 96% used [0x00000000d5d00000,0x00000000d62d0000,0x00000000d6300000)
  to   space 6144K, 0% used [0x00000000d6300000,0x00000000d6300000,0x00000000d6900000)
 ParOldGen       total 840192K, used 477067K [0x0000000080000000, 0x00000000b3480000, 0x00000000d5580000)
  object space 840192K, 56% used [0x0000000080000000,0x000000009d1e2c08,0x00000000b3480000)
 Metaspace       used 84981K, committed 86592K, reserved 1179648K
  class space    used 8738K, committed 9536K, reserved 1048576K
}
Event: 31259.180 GC heap after
{Heap after GC invocations=920 (full 4):
 PSYoungGen      total 13824K, used 5859K [0x00000000d5580000, 0x00000000d6900000, 0x0000000100000000)
  eden space 7680K, 0% used [0x00000000d5580000,0x00000000d5580000,0x00000000d5d00000)
  from space 6144K, 95% used [0x00000000d6300000,0x00000000d68b8cd0,0x00000000d6900000)
  to   space 6144K, 0% used [0x00000000d5d00000,0x00000000d5d00000,0x00000000d6300000)
 ParOldGen       total 840192K, used 482627K [0x0000000080000000, 0x00000000b3480000, 0x00000000d5580000)
  object space 840192K, 57% used [0x0000000080000000,0x000000009d750c08,0x00000000b3480000)
 Metaspace       used 84981K, committed 86592K, reserved 1179648K
  class space    used 8738K, committed 9536K, reserved 1048576K
}
Event: 31259.843 GC heap before
{Heap before GC invocations=921 (full 4):
 PSYoungGen      total 13824K, used 13539K [0x00000000d5580000, 0x00000000d6900000, 0x0000000100000000)
  eden space 7680K, 100% used [0x00000000d5580000,0x00000000d5d00000,0x00000000d5d00000)
  from space 6144K, 95% used [0x00000000d6300000,0x00000000d68b8cd0,0x00000000d6900000)
  to   space 6144K, 0% used [0x00000000d5d00000,0x00000000d5d00000,0x00000000d6300000)
 ParOldGen       total 840192K, used 482627K [0x0000000080000000, 0x00000000b3480000, 0x00000000d5580000)
  object space 840192K, 57% used [0x0000000080000000,0x000000009d750c08,0x00000000b3480000)
 Metaspace       used 84981K, committed 86592K, reserved 1179648K
  class space    used 8738K, committed 9536K, reserved 1048576K
}
Event: 31259.876 GC heap after
{Heap after GC invocations=921 (full 4):
 PSYoungGen      total 10752K, used 2952K [0x00000000d5580000, 0x00000000d6500000, 0x0000000100000000)
  eden space 7680K, 0% used [0x00000000d5580000,0x00000000d5580000,0x00000000d5d00000)
  from space 3072K, 96% used [0x00000000d5d00000,0x00000000d5fe23a8,0x00000000d6000000)
  to   space 4096K, 0% used [0x00000000d6100000,0x00000000d6100000,0x00000000d6500000)
 ParOldGen       total 840192K, used 488349K [0x0000000080000000, 0x00000000b3480000, 0x00000000d5580000)
  object space 840192K, 58% used [0x0000000080000000,0x000000009dce7548,0x00000000b3480000)
 Metaspace       used 84981K, committed 86592K, reserved 1179648K
  class space    used 8738K, committed 9536K, reserved 1048576K
}
Event: 31263.850 GC heap before
{Heap before GC invocations=922 (full 4):
 PSYoungGen      total 10752K, used 10622K [0x00000000d5580000, 0x00000000d6500000, 0x0000000100000000)
  eden space 7680K, 99% used [0x00000000d5580000,0x00000000d5cfd740,0x00000000d5d00000)
  from space 3072K, 96% used [0x00000000d5d00000,0x00000000d5fe23a8,0x00000000d6000000)
  to   space 4096K, 0% used [0x00000000d6100000,0x00000000d6100000,0x00000000d6500000)
 ParOldGen       total 840192K, used 488349K [0x0000000080000000, 0x00000000b3480000, 0x00000000d5580000)
  object space 840192K, 58% used [0x0000000080000000,0x000000009dce7548,0x00000000b3480000)
 Metaspace       used 84999K, committed 86656K, reserved 1179648K
  class space    used 8738K, committed 9536K, reserved 1048576K
}
Event: 31263.865 GC heap after
{Heap after GC invocations=922 (full 4):
 PSYoungGen      total 10240K, used 2171K [0x00000000d5580000, 0x00000000d6380000, 0x0000000100000000)
  eden space 7680K, 0% used [0x00000000d5580000,0x00000000d5580000,0x00000000d5d00000)
  from space 2560K, 84% used [0x00000000d6100000,0x00000000d631ec40,0x00000000d6380000)
  to   space 3072K, 0% used [0x00000000d5d80000,0x00000000d5d80000,0x00000000d6080000)
 ParOldGen       total 840192K, used 490835K [0x0000000080000000, 0x00000000b3480000, 0x00000000d5580000)
  object space 840192K, 58% used [0x0000000080000000,0x000000009df54ff0,0x00000000b3480000)
 Metaspace       used 84999K, committed 86656K, reserved 1179648K
  class space    used 8738K, committed 9536K, reserved 1048576K
}
Event: 31264.252 GC heap before
{Heap before GC invocations=923 (full 4):
 PSYoungGen      total 10240K, used 9851K [0x00000000d5580000, 0x00000000d6380000, 0x0000000100000000)
  eden space 7680K, 100% used [0x00000000d5580000,0x00000000d5d00000,0x00000000d5d00000)
  from space 2560K, 84% used [0x00000000d6100000,0x00000000d631ec40,0x00000000d6380000)
  to   space 3072K, 0% used [0x00000000d5d80000,0x00000000d5d80000,0x00000000d6080000)
 ParOldGen       total 840192K, used 490835K [0x0000000080000000, 0x00000000b3480000, 0x00000000d5580000)
  object space 840192K, 58% used [0x0000000080000000,0x000000009df54ff0,0x00000000b3480000)
 Metaspace       used 84999K, committed 86656K, reserved 1179648K
  class space    used 8738K, committed 9536K, reserved 1048576K
}
Event: 31264.264 GC heap after
{Heap after GC invocations=923 (full 4):
 PSYoungGen      total 9216K, used 1120K [0x00000000d5580000, 0x00000000d6180000, 0x0000000100000000)
  eden space 7680K, 0% used [0x00000000d5580000,0x00000000d5580000,0x00000000d5d00000)
  from space 1536K, 72% used [0x00000000d5d80000,0x00000000d5e98000,0x00000000d5f00000)
  to   space 2048K, 0% used [0x00000000d5f80000,0x00000000d5f80000,0x00000000d6180000)
 ParOldGen       total 840192K, used 492908K [0x0000000080000000, 0x00000000b3480000, 0x00000000d5580000)
  object space 840192K, 58% used [0x0000000080000000,0x000000009e15b038,0x00000000b3480000)
 Metaspace       used 84999K, committed 86656K, reserved 1179648K
  class space    used 8738K, committed 9536K, reserved 1048576K
}

